==== TEST RUN LOG ====
Test Name      : diamondgotcat.ypsh
Test File      : /Users/runner/work/testing-system/testing-system/tests/diamondgotcat.ypsh.py
Command        : /Library/Frameworks/Python.framework/Versions/3.12/bin/python /Users/runner/work/testing-system/testing-system/tests/diamondgotcat.ypsh.py
Start (UTC)    : 2025-09-02T18:03:46.906542+00:00
Epoch (ns)     : 1756836226906524000
---- ENVIRONMENT ----
python_executable: /Library/Frameworks/Python.framework/Versions/3.12/bin/python
python_version   : 3.12.10 (v3.12.10:0cc81280367, Apr  8 2025, 08:46:59) [Clang 13.0.0 (clang-1300.0.29.30)]
platform         : macOS-14.7.6-arm64-arm-64bit
cwd              : /Users/runner/work/testing-system/testing-system
tests_dir        : /Users/runner/work/testing-system/testing-system/tests
os               : macos
arch             : arm64
----------------------
---- STDOUT ----
Test Case 1: print the 'ypsh.version'
YPSH v6.7 (01K404TVC3GE7J2A32A33M7G37)

Test Case 2: 'for' Syntax
1
2
3
4
5
6
7
8
9
10

Test Case 3: 'func' Syntax
Hello, World!

Test Case 4: 'exit' Built-in Function with code 0

Test Case 5: 'exit' Built-in Function with code 1
---- STDERR ----
/Users/runner/work/testing-system/testing-system/tests/diamondgotcat.ypsh.py:108: SyntaxWarning: invalid escape sequence '\('
  print("Hello, \(name)!")
-----------------
End   (UTC)    : 2025-09-02T18:03:49.386562+00:00
Duration (s)   : 2.480020
Return Code    : 0
======================
