==== TEST RUN LOG ====
Test Name      : diamondgotcat.ypsh
Test File      : /home/runner/work/testing-system/testing-system/tests/diamondgotcat.ypsh.py
Command        : /opt/hostedtoolcache/Python/3.12.11/x64/bin/python /home/runner/work/testing-system/testing-system/tests/diamondgotcat.ypsh.py
Start (UTC)    : 2025-09-13T00:07:55.743592+00:00
Epoch (ns)     : 1757722075743572254
---- ENVIRONMENT ----
python_executable: /opt/hostedtoolcache/Python/3.12.11/x64/bin/python
python_version   : 3.12.11 (main, Jun  4 2025, 04:14:37) [GCC 11.4.0]
platform         : Linux-6.8.0-1031-azure-x86_64-with-glibc2.35
cwd              : /home/runner/work/testing-system/testing-system
tests_dir        : /home/runner/work/testing-system/testing-system/tests
os               : linux
arch             : amd64
----------------------
---- STDOUT ----
Test Case 1: print the 'ypsh.version'
YPSH v8.0 (01K4YM1K81W483EERKP471NRV6)

Test Case 2: 'for' Syntax
True
2
3
4
5
6
7
8
9
10

Test Case 3: 'func' Syntax
Hello, World!

Test Case 4: 'exit' Built-in Function with code 0

Test Case 5: 'exit' Built-in Function with code 1
---- STDERR ----
/home/runner/work/testing-system/testing-system/tests/diamondgotcat.ypsh.py:108: SyntaxWarning: invalid escape sequence '\('
  print("Hello, \(name)!")
-----------------
End   (UTC)    : 2025-09-13T00:08:00.887212+00:00
Duration (s)   : 5.143620
Return Code    : 0
======================
