==== TEST RUN LOG ====
Test Name      : diamondgotcat.ypsh
Test File      : /home/runner/work/testing-system/testing-system/tests/diamondgotcat.ypsh.py
Command        : /opt/hostedtoolcache/Python/3.12.11/arm64/bin/python /home/runner/work/testing-system/testing-system/tests/diamondgotcat.ypsh.py
Start (UTC)    : 2025-09-08T18:04:58.830061+00:00
Epoch (ns)     : 1757354698830044751
---- ENVIRONMENT ----
python_executable: /opt/hostedtoolcache/Python/3.12.11/arm64/bin/python
python_version   : 3.12.11 (main, Jun  4 2025, 04:16:00) [GCC 11.4.0]
platform         : Linux-6.8.0-1029-azure-aarch64-with-glibc2.35
cwd              : /home/runner/work/testing-system/testing-system
tests_dir        : /home/runner/work/testing-system/testing-system/tests
os               : linux
arch             : arm64
----------------------
---- STDOUT ----
Test Case 1: print the 'ypsh.version'
YPSH v6.12 (01K4M6WWB7A5P8E7X7GDWBTMCG)

Test Case 2: 'for' Syntax
1
2
3
4
5
6
7
8
9
10

Test Case 3: 'func' Syntax
Hello, World!

Test Case 4: 'exit' Built-in Function with code 0

Test Case 5: 'exit' Built-in Function with code 1
---- STDERR ----
/home/runner/work/testing-system/testing-system/tests/diamondgotcat.ypsh.py:108: SyntaxWarning: invalid escape sequence '\('
  print("Hello, \(name)!")
-----------------
End   (UTC)    : 2025-09-08T18:05:03.603615+00:00
Duration (s)   : 4.773554
Return Code    : 0
======================
