==== TEST RUN LOG ====
Test Name      : diamondgotcat.ypsh
Test File      : /Users/runner/work/testing-system/testing-system/tests/diamondgotcat.ypsh.py
Command        : /Library/Frameworks/Python.framework/Versions/3.12/bin/python /Users/runner/work/testing-system/testing-system/tests/diamondgotcat.ypsh.py
Start (UTC)    : 2025-09-21T00:09:13.081432+00:00
Epoch (ns)     : 1758413353081357000
---- ENVIRONMENT ----
python_executable: /Library/Frameworks/Python.framework/Versions/3.12/bin/python
python_version   : 3.12.10 (v3.12.10:0cc81280367, Apr  8 2025, 08:47:00) [Clang 13.0.0 (clang-1300.0.29.30)]
platform         : macOS-13.7.6-x86_64-i386-64bit
cwd              : /Users/runner/work/testing-system/testing-system
tests_dir        : /Users/runner/work/testing-system/testing-system/tests
os               : macos
arch             : amd64
----------------------
---- STDOUT ----
Test Case 1: print the 'ypsh.version'
YPSH v8.0 (01K4YM1K81W483EERKP471NRV6)

Test Case 2: 'for' Syntax
True
2
3
4
5
6
7
8
9
10

Test Case 3: 'func' Syntax
Hello, World!

Test Case 4: 'exit' Built-in Function with code 0

Test Case 5: 'exit' Built-in Function with code 1
---- STDERR ----
/Users/runner/work/testing-system/testing-system/tests/diamondgotcat.ypsh.py:108: SyntaxWarning: invalid escape sequence '\('
  print("Hello, \(name)!")
-----------------
End   (UTC)    : 2025-09-21T00:09:20.524144+00:00
Duration (s)   : 7.442712
Return Code    : 0
======================
