==== TEST RUN LOG ====
Test Name      : diamondgotcat.ypsh
Test File      : /Users/runner/work/testing-system/testing-system/tests/diamondgotcat.ypsh.py
Command        : /Library/Frameworks/Python.framework/Versions/3.12/bin/python /Users/runner/work/testing-system/testing-system/tests/diamondgotcat.ypsh.py
Start (UTC)    : 2025-10-19T18:04:12.300052+00:00
Epoch (ns)     : 1760897052300032000
---- ENVIRONMENT ----
python_executable: /Library/Frameworks/Python.framework/Versions/3.12/bin/python
python_version   : 3.12.10 (v3.12.10:0cc81280367, Apr  8 2025, 08:46:59) [Clang 13.0.0 (clang-1300.0.29.30)]
platform         : macOS-14.7.6-arm64-arm-64bit
cwd              : /Users/runner/work/testing-system/testing-system
tests_dir        : /Users/runner/work/testing-system/testing-system/tests
os               : macos
arch             : arm64
----------------------
---- STDOUT ----
Test Case 1: print the 'ypsh.version'
['10', '1']

Test Case 2: 'for' Syntax
<YPSH:E0016> ImportError: Cannot find this Module(s)/Library(s): ['stdmath']

Test Case 3: 'func' Syntax
Hello, World!

Test Case 4: 'exit' Built-in Function with code 0

Test Case 5: 'exit' Built-in Function with code 1
---- STDERR ----
/Users/runner/work/testing-system/testing-system/tests/diamondgotcat.ypsh.py:108: SyntaxWarning: invalid escape sequence '\('
  print("Hello, \(name)!")
-----------------
End   (UTC)    : 2025-10-19T18:04:14.769617+00:00
Duration (s)   : 2.469565
Return Code    : 0
======================
