==== TEST RUN LOG ====
Test Name      : diamondgotcat.ypsh
Test File      : /home/runner/work/testing-system/testing-system/tests/diamondgotcat.ypsh.py
Command        : /opt/hostedtoolcache/Python/3.12.12/x64/bin/python /home/runner/work/testing-system/testing-system/tests/diamondgotcat.ypsh.py
Start (UTC)    : 2025-10-18T12:03:39.800735+00:00
Epoch (ns)     : 1760789019800718367
---- ENVIRONMENT ----
python_executable: /opt/hostedtoolcache/Python/3.12.12/x64/bin/python
python_version   : 3.12.12 (main, Oct 10 2025, 00:59:52) [GCC 11.4.0]
platform         : Linux-6.8.0-1036-azure-x86_64-with-glibc2.35
cwd              : /home/runner/work/testing-system/testing-system
tests_dir        : /home/runner/work/testing-system/testing-system/tests
os               : linux
arch             : amd64
----------------------
---- STDOUT ----
Test Case 1: print the 'ypsh.version'
['10', '0']

Test Case 2: 'for' Syntax
<YPSH:E0016> ImportError: Cannot find this Module(s)/Library(s): ['stdmath']

Test Case 3: 'func' Syntax
Hello, World!

Test Case 4: 'exit' Built-in Function with code 0

Test Case 5: 'exit' Built-in Function with code 1
---- STDERR ----
/home/runner/work/testing-system/testing-system/tests/diamondgotcat.ypsh.py:108: SyntaxWarning: invalid escape sequence '\('
  print("Hello, \(name)!")
-----------------
End   (UTC)    : 2025-10-18T12:03:43.362355+00:00
Duration (s)   : 3.561620
Return Code    : 0
======================
