==== TEST RUN LOG ====
Test Name      : diamondgotcat.ypsh
Test File      : /home/runner/work/testing-system/testing-system/tests/diamondgotcat.ypsh.py
Command        : /opt/hostedtoolcache/Python/3.12.11/x64/bin/python /home/runner/work/testing-system/testing-system/tests/diamondgotcat.ypsh.py
Start (UTC)    : 2025-10-16T06:04:29.773990+00:00
Epoch (ns)     : 1760594669773972290
---- ENVIRONMENT ----
python_executable: /opt/hostedtoolcache/Python/3.12.11/x64/bin/python
python_version   : 3.12.11 (main, Jun  4 2025, 04:14:37) [GCC 11.4.0]
platform         : Linux-6.8.0-1031-azure-x86_64-with-glibc2.35
cwd              : /home/runner/work/testing-system/testing-system
tests_dir        : /home/runner/work/testing-system/testing-system/tests
os               : linux
arch             : amd64
----------------------
---- STDOUT ----

---- STDERR ----
/home/runner/work/testing-system/testing-system/tests/diamondgotcat.ypsh.py:108: SyntaxWarning: invalid escape sequence '\('
  print("Hello, \(name)!")
Traceback (most recent call last):
  File "/home/runner/work/testing-system/testing-system/tests/diamondgotcat.ypsh.py", line 124, in <module>
    main()
  File "/home/runner/work/testing-system/testing-system/tests/diamondgotcat.ypsh.py", line 90, in main
    execFilePath = download_and_extract(stableTag, osname, arch)
                   ^^^^^^^^^^^^^^^^^^^^^^^^^^^^^^^^^^^^^^^^^^^^^
  File "/home/runner/work/testing-system/testing-system/tests/diamondgotcat.ypsh.py", line 70, in download_and_extract
    raise FileNotFoundError(f"Executable not found after extraction: {exec_name}")
FileNotFoundError: Executable not found after extraction: YPSH-linux-amd64
-----------------
End   (UTC)    : 2025-10-16T06:04:30.714115+00:00
Duration (s)   : 0.940125
Return Code    : 1
======================
